<?xml version='1.0'?>
<ns2:test-suite xmlns:ns2='urn:model.allure.qatools.yandex.ru' start='1653837598860' stop='1653837608049'>
    <name>Smoke Testing</name>
    <title>Smoke Testing</title>
    <test-cases>
        <test-case start='1653837598860' status='broken' stop='1653837608048'>
            <name>Login Page - Smoke</name>
            <title>Login Page - Smoke</title>
            <labels>
                <label name='language' value='javascript'/>
                <label name='framework' value='wdio'/>
                <label name='thread' value='0-0'/>
            </labels>
            <parameters>
                <parameter kind='argument' name='browser' value='chrome-101.0.4951.64'/>
            </parameters>
            <steps/>
            <attachments/>
            <failure>
                <message>base is not defined</message>
                <stack-trace>ReferenceError: base is not defined
                    at Context.&lt;anonymous> (/Users/svc/Documents/webdriverio/test/specs/SmokeTest.js:33:9)</stack-trace>
            </failure>
        </test-case>
        <test-case start='1653837608049' status='pending' stop='1653837608049'>
            <name>Product Page - Smoke</name>
            <title>Product Page - Smoke</title>
            <labels/>
            <parameters/>
            <steps/>
            <attachments/>
            <failure>
                <message>Test ignored</message>
                <stack-trace>undefined</stack-trace>
            </failure>
        </test-case>
        <test-case start='1653837608049' status='pending' stop='1653837608049'>
            <name>Checkout Page - Smoke</name>
            <title>Checkout Page - Smoke</title>
            <labels/>
            <parameters/>
            <steps/>
            <attachments/>
            <failure>
                <message>Test ignored</message>
                <stack-trace>undefined</stack-trace>
            </failure>
        </test-case>
    </test-cases>
</ns2:test-suite>