<?xml version='1.0'?>
<ns2:test-suite xmlns:ns2='urn:model.allure.qatools.yandex.ru' start='1653836371722' stop='1653836440876'>
    <name>Regression Testing</name>
    <title>Regression Testing</title>
    <test-cases>
        <test-case start='1653836371723' status='broken' stop='1653836440855'>
            <name>Login Page</name>
            <title>Login Page</title>
            <labels>
                <label name='language' value='javascript'/>
                <label name='framework' value='wdio'/>
                <label name='thread' value='0-0'/>
                <label name='language' value='javascript'/>
                <label name='framework' value='wdio'/>
                <label name='thread' value='0-0'/>
                <label name='language' value='javascript'/>
                <label name='framework' value='wdio'/>
                <label name='thread' value='0-0'/>
            </labels>
            <parameters>
                <parameter kind='argument' name='browser' value='chrome-101.0.4951.64'/>
                <parameter kind='argument' name='browser' value='chrome-101.0.4951.64'/>
                <parameter kind='argument' name='browser' value='chrome-101.0.4951.64'/>
            </parameters>
            <steps/>
            <attachments>
                <attachment title='Screenshot' source='2ef6756f-f23f-466d-998f-1a0f0d775919-attachment.png' type='image/png' size='1143913'/>
                <attachment title='Screenshot' source='ff35796e-09c9-43f7-a50b-0a58fa51b9b6-attachment.png' type='image/png' size='1154429'/>
            </attachments>
            <failure>
                <message>element (".modal-body") still not displayed after 20000ms</message>
                <stack-trace>Error: element (".modal-body") still not displayed after 20000ms
                    at async LoginPage.accessibilityClick (/Users/svc/Documents/webdriverio/test/pageobjects/loginPage.js:73:13)
                    at async Context.&lt;anonymous> (/Users/svc/Documents/webdriverio/test/specs/RegressionTest.js:25:9)</stack-trace>
            </failure>
        </test-case>
        <test-case start='1653836440872' status='pending' stop='1653836440873'>
            <name>Product Page</name>
            <title>Product Page</title>
            <labels/>
            <parameters/>
            <steps/>
            <attachments/>
            <failure>
                <message>Test ignored</message>
                <stack-trace>undefined</stack-trace>
            </failure>
        </test-case>
        <test-case start='1653836440873' status='pending' stop='1653836440873'>
            <name>Checkout Page</name>
            <title>Checkout Page</title>
            <labels/>
            <parameters/>
            <steps/>
            <attachments/>
            <failure>
                <message>Test ignored</message>
                <stack-trace>undefined</stack-trace>
            </failure>
        </test-case>
    </test-cases>
</ns2:test-suite>